TeamCode/build/intermediates/manifest_merge_blame_file/release/processReleaseMainManifest/manifest-merger-blame-release-report.txt
1<?xml version="1.0" encoding="utf-8"?>
2<!--
3 Note: the actual manifest file used in your APK merges this file with contributions
4     from the modules on which your app depends (such as FtcRobotController, etc).
5     So it won't ultimately be as empty as it might here appear to be :-)
6-->
7<!-- The package name here determines the package for your R class and your BuildConfig class -->
8<manifest xmlns:android="http://schemas.android.com/apk/res/android"
9    package="com.qualcomm.ftcrobotcontroller"
10    android:versionCode="60"
11    android:versionName="11.0" >
12
13    <uses-sdk
14        android:minSdkVersion="24"
15        android:targetSdkVersion="28" />
16
17    <uses-permission android:name="android.permission.RECEIVE_BOOT_COMPLETED" />
17-->[:FtcRobotController] AndroidManifest.xml:10:5-81
17-->[:FtcRobotController] AndroidManifest.xml:10:22-78
18    <uses-permission
18-->[org.firstinspires.ftc:Blocks:11.0.0] AndroidManifest.xml:9:5-11:35
19        android:name="android.permission.WRITE_EXTERNAL_STORAGE"
19-->[org.firstinspires.ftc:Blocks:11.0.0] AndroidManifest.xml:10:9-65
20        android:required="true" />
20-->[org.firstinspires.ftc:Blocks:11.0.0] AndroidManifest.xml:11:9-32
21    <uses-permission
21-->[org.firstinspires.ftc:Blocks:11.0.0] AndroidManifest.xml:12:5-14:35
22        android:name="android.permission.READ_EXTERNAL_STORAGE"
22-->[org.firstinspires.ftc:Blocks:11.0.0] AndroidManifest.xml:13:9-64
23        android:required="true" />
23-->[org.firstinspires.ftc:Blocks:11.0.0] AndroidManifest.xml:14:9-32
24    <uses-permission
24-->[org.firstinspires.ftc:FtcCommon:11.0.0] AndroidManifest.xml:10:5-76
25        android:name="android.permission.ACCESS_WIFI_STATE"
25-->[org.firstinspires.ftc:FtcCommon:11.0.0] AndroidManifest.xml:10:22-73
26        android:required="true" />
26-->[org.firstinspires.ftc:RobotCore:11.0.0] AndroidManifest.xml:11:9-32
27    <uses-permission
27-->[org.firstinspires.ftc:FtcCommon:11.0.0] AndroidManifest.xml:17:5-19:35
28        android:name="android.permission.WRITE_SETTINGS"
28-->[org.firstinspires.ftc:FtcCommon:11.0.0] AndroidManifest.xml:18:9-57
29        android:required="true" />
29-->[org.firstinspires.ftc:FtcCommon:11.0.0] AndroidManifest.xml:19:9-32
30    <uses-permission android:name="android.permission.BLUETOOTH_ADMIN" />
30-->[org.firstinspires.ftc:Inspection:11.0.0] AndroidManifest.xml:10:5-74
30-->[org.firstinspires.ftc:Inspection:11.0.0] AndroidManifest.xml:10:22-71
31    <uses-permission
31-->[org.firstinspires.ftc:Inspection:11.0.0] AndroidManifest.xml:11:5-76
32        android:name="android.permission.CHANGE_WIFI_STATE"
32-->[org.firstinspires.ftc:Inspection:11.0.0] AndroidManifest.xml:11:22-73
33        android:required="true" />
33-->[org.firstinspires.ftc:RobotCore:11.0.0] AndroidManifest.xml:14:9-32
34    <uses-permission
34-->[org.firstinspires.ftc:Inspection:11.0.0] AndroidManifest.xml:12:5-79
35        android:name="android.permission.CHANGE_NETWORK_STATE"
35-->[org.firstinspires.ftc:Inspection:11.0.0] AndroidManifest.xml:12:22-76
36        android:required="true" />
36-->[org.firstinspires.ftc:RobotCore:11.0.0] AndroidManifest.xml:20:9-32
37    <uses-permission
37-->[org.firstinspires.ftc:Inspection:11.0.0] AndroidManifest.xml:13:5-67
38        android:name="android.permission.INTERNET"
38-->[org.firstinspires.ftc:Inspection:11.0.0] AndroidManifest.xml:13:22-64
39        android:required="true" />
39-->[org.firstinspires.ftc:RobotCore:11.0.0] AndroidManifest.xml:23:9-32
40    <uses-permission
40-->[org.firstinspires.ftc:Inspection:11.0.0] AndroidManifest.xml:14:5-79
41        android:name="android.permission.ACCESS_NETWORK_STATE"
41-->[org.firstinspires.ftc:Inspection:11.0.0] AndroidManifest.xml:14:22-76
42        android:required="true" />
42-->[org.firstinspires.ftc:RobotCore:11.0.0] AndroidManifest.xml:17:9-32
43    <uses-permission android:name="android.permission.BLUETOOTH" /> <!-- see AppUtil.setTimeZone() -->
43-->[org.firstinspires.ftc:Inspection:11.0.0] AndroidManifest.xml:15:5-68
43-->[org.firstinspires.ftc:Inspection:11.0.0] AndroidManifest.xml:15:22-65
44    <uses-permission
44-->[org.firstinspires.ftc:RobotCore:11.0.0] AndroidManifest.xml:40:5-42:35
45        android:name="android.permission.SET_TIME_ZONE"
45-->[org.firstinspires.ftc:RobotCore:11.0.0] AndroidManifest.xml:41:9-56
46        android:required="true" />
46-->[org.firstinspires.ftc:RobotCore:11.0.0] AndroidManifest.xml:42:9-32
47    <!--
48  Note: we suspect that this (android.permission.WAKE_LOCK) is no
49  longer needed, but haven't yet found the time necessary to verify
50  that assertion before removing it
51    -->
52    <uses-permission
52-->[org.firstinspires.ftc:RobotCore:11.0.0] AndroidManifest.xml:49:5-51:35
53        android:name="android.permission.WAKE_LOCK"
53-->[org.firstinspires.ftc:RobotCore:11.0.0] AndroidManifest.xml:50:9-52
54        android:required="true" />
54-->[org.firstinspires.ftc:RobotCore:11.0.0] AndroidManifest.xml:51:9-32
55    <uses-permission android:name="android.permission.CAMERA" />
55-->[org.firstinspires.ftc:RobotCore:11.0.0] AndroidManifest.xml:52:5-65
55-->[org.firstinspires.ftc:RobotCore:11.0.0] AndroidManifest.xml:52:22-62
56    <uses-permission
56-->[org.firstinspires.ftc:RobotCore:11.0.0] AndroidManifest.xml:53:5-55:35
57        android:name="android.permission.ACCESS_COARSE_LOCATION"
57-->[org.firstinspires.ftc:RobotCore:11.0.0] AndroidManifest.xml:54:9-65
58        android:required="true" />
58-->[org.firstinspires.ftc:RobotCore:11.0.0] AndroidManifest.xml:55:9-32
59    <uses-permission
59-->[org.firstinspires.ftc:RobotCore:11.0.0] AndroidManifest.xml:56:5-58:35
60        android:name="android.permission.ACCESS_FINE_LOCATION"
60-->[org.firstinspires.ftc:RobotCore:11.0.0] AndroidManifest.xml:57:9-63
61        android:required="true" />
61-->[org.firstinspires.ftc:RobotCore:11.0.0] AndroidManifest.xml:58:9-32
62    <uses-permission
62-->[org.firstinspires.ftc:RobotCore:11.0.0] AndroidManifest.xml:59:5-61:35
63        android:name="android.permission.READ_PHONE_STATE"
63-->[org.firstinspires.ftc:RobotCore:11.0.0] AndroidManifest.xml:60:9-59
64        android:required="true" />
64-->[org.firstinspires.ftc:RobotCore:11.0.0] AndroidManifest.xml:61:9-32
65    <uses-permission
65-->[org.firstinspires.ftc:RobotCore:11.0.0] AndroidManifest.xml:64:5-66:35
66        android:name="com.revrobotics.permission.UPDATE_CONTROL_HUB"
66-->[org.firstinspires.ftc:RobotCore:11.0.0] AndroidManifest.xml:65:9-69
67        android:required="true" />
67-->[org.firstinspires.ftc:RobotCore:11.0.0] AndroidManifest.xml:66:9-32
68
69    <uses-feature android:name="android.hardware.usb.accessory" />
69-->[org.firstinspires.ftc:RobotCore:11.0.0] AndroidManifest.xml:68:5-67
69-->[org.firstinspires.ftc:RobotCore:11.0.0] AndroidManifest.xml:68:19-64
70    <uses-feature android:glEsVersion="0x00020000" />
70-->[org.firstinspires.ftc:RobotCore:11.0.0] AndroidManifest.xml:69:5-54
70-->[org.firstinspires.ftc:RobotCore:11.0.0] AndroidManifest.xml:69:19-51
71    <!--
72        NOTE: Any application that requests the CAMERA permission but does not
73        declare any camera features with the <uses-feature> element will be
74        assumed to use all camera features (auto-focus and flash). Thus, the
75        application will not be compatible with devices that do not support
76        all camera features. We use <uses-feature> to declare only the
77        camera features that our application does need. For instance, if you
78        request the CAMERA permission, but you do not need auto-focus or
79        flash, then declare only the android.hardware.camera feature. The
80        other camera features that you do not request will no longer be
81        assumed as required.
82    -->
83    <uses-feature android:name="android.hardware.camera" />
83-->[org.firstinspires.ftc:RobotCore:11.0.0] AndroidManifest.xml:83:5-60
83-->[org.firstinspires.ftc:RobotCore:11.0.0] AndroidManifest.xml:83:19-57
84    <uses-feature
84-->[com.journeyapps:zxing-android-embedded:4.3.0] AndroidManifest.xml:28:5-30:36
85        android:name="android.hardware.camera.front"
85-->[com.journeyapps:zxing-android-embedded:4.3.0] AndroidManifest.xml:29:9-53
86        android:required="false" /> <!-- TODO replace above two with next line after Android 4.2 -->
86-->[com.journeyapps:zxing-android-embedded:4.3.0] AndroidManifest.xml:30:9-33
87    <!-- <uses-feature android:name="android.hardware.camera.any"/> -->
88    <uses-feature
88-->[com.journeyapps:zxing-android-embedded:4.3.0] AndroidManifest.xml:33:5-35:36
89        android:name="android.hardware.camera.autofocus"
89-->[com.journeyapps:zxing-android-embedded:4.3.0] AndroidManifest.xml:34:9-57
90        android:required="false" />
90-->[com.journeyapps:zxing-android-embedded:4.3.0] AndroidManifest.xml:35:9-33
91    <uses-feature
91-->[com.journeyapps:zxing-android-embedded:4.3.0] AndroidManifest.xml:36:5-38:36
92        android:name="android.hardware.camera.flash"
92-->[com.journeyapps:zxing-android-embedded:4.3.0] AndroidManifest.xml:37:9-53
93        android:required="false" />
93-->[com.journeyapps:zxing-android-embedded:4.3.0] AndroidManifest.xml:38:9-33
94    <uses-feature
94-->[com.journeyapps:zxing-android-embedded:4.3.0] AndroidManifest.xml:39:5-41:36
95        android:name="android.hardware.screen.landscape"
95-->[com.journeyapps:zxing-android-embedded:4.3.0] AndroidManifest.xml:40:9-57
96        android:required="false" />
96-->[com.journeyapps:zxing-android-embedded:4.3.0] AndroidManifest.xml:41:9-33
97    <uses-feature
97-->[com.journeyapps:zxing-android-embedded:4.3.0] AndroidManifest.xml:42:5-44:36
98        android:name="android.hardware.wifi"
98-->[com.journeyapps:zxing-android-embedded:4.3.0] AndroidManifest.xml:43:9-45
99        android:required="false" />
99-->[com.journeyapps:zxing-android-embedded:4.3.0] AndroidManifest.xml:44:9-33
100
101    <application
101-->src/main/AndroidManifest.xml:10:5-19
102        android:name="org.firstinspires.ftc.robotcore.internal.system.RobotApplication"
102-->[org.firstinspires.ftc:RobotCore:11.0.0] AndroidManifest.xml:85:18-97
103        android:allowBackup="true"
103-->[:FtcRobotController] AndroidManifest.xml:13:9-35
104        android:appComponentFactory="androidx.core.app.CoreComponentFactory"
104-->[androidx.core:core:1.3.0] AndroidManifest.xml:24:18-86
105        android:extractNativeLibs="true"
106        android:icon="@drawable/ic_launcher"
106-->[:FtcRobotController] AndroidManifest.xml:14:9-45
107        android:label="@string/app_name"
107-->[:FtcRobotController] AndroidManifest.xml:15:9-41
108        android:largeHeap="true"
108-->[:FtcRobotController] AndroidManifest.xml:16:9-33
109        android:theme="@style/AppThemeRedRC"
109-->[:FtcRobotController] AndroidManifest.xml:17:9-45
110        android:usesCleartextTraffic="true" > <!-- Indicates to the ControlHubUpdater what the latest version of the Control Hub is that this app supports -->
110-->[:FtcRobotController] AndroidManifest.xml:18:9-44
111        <meta-data
111-->[:FtcRobotController] AndroidManifest.xml:21:9-23:33
112            android:name="org.firstinspires.latestSupportedControlHubVersion"
112-->[:FtcRobotController] AndroidManifest.xml:22:13-78
113            android:value="1" /> <!-- The main robot controller activity -->
113-->[:FtcRobotController] AndroidManifest.xml:23:13-30
114        <activity
114-->[:FtcRobotController] AndroidManifest.xml:26:9-37:20
115            android:name="org.firstinspires.ftc.robotcontroller.internal.PermissionValidatorWrapper"
115-->[:FtcRobotController] AndroidManifest.xml:27:13-101
116            android:configChanges="orientation|screenSize"
116-->[:FtcRobotController] AndroidManifest.xml:28:13-59
117            android:label="@string/app_name"
117-->[:FtcRobotController] AndroidManifest.xml:29:13-45
118            android:launchMode="singleTask"
118-->[:FtcRobotController] AndroidManifest.xml:30:13-44
119            android:screenOrientation="fullUser" >
119-->[:FtcRobotController] AndroidManifest.xml:31:13-49
120            <intent-filter>
120-->[:FtcRobotController] AndroidManifest.xml:32:13-36:29
121                <category android:name="android.intent.category.LAUNCHER" />
121-->[:FtcRobotController] AndroidManifest.xml:33:17-77
121-->[:FtcRobotController] AndroidManifest.xml:33:27-74
122
123                <action android:name="android.intent.action.MAIN" />
123-->[:FtcRobotController] AndroidManifest.xml:35:17-69
123-->[:FtcRobotController] AndroidManifest.xml:35:25-66
124            </intent-filter>
125        </activity>
126        <activity
126-->[:FtcRobotController] AndroidManifest.xml:38:9-56:20
127            android:name="org.firstinspires.ftc.robotcontroller.internal.FtcRobotControllerActivity"
127-->[:FtcRobotController] AndroidManifest.xml:39:13-101
128            android:configChanges="orientation|screenSize"
128-->[:FtcRobotController] AndroidManifest.xml:40:13-59
129            android:label="@string/app_name"
129-->[:FtcRobotController] AndroidManifest.xml:41:13-45
130            android:launchMode="singleTask"
130-->[:FtcRobotController] AndroidManifest.xml:42:13-44
131            android:screenOrientation="fullUser" >
131-->[:FtcRobotController] AndroidManifest.xml:43:13-49
132            <intent-filter>
132-->[:FtcRobotController] AndroidManifest.xml:44:13-46:29
133                <action android:name="android.hardware.usb.action.USB_DEVICE_ATTACHED" />
133-->[:FtcRobotController] AndroidManifest.xml:45:17-90
133-->[:FtcRobotController] AndroidManifest.xml:45:25-87
134            </intent-filter>
135
136            <meta-data
136-->[:FtcRobotController] AndroidManifest.xml:48:13-50:57
137                android:name="android.hardware.usb.action.USB_DEVICE_ATTACHED"
137-->[:FtcRobotController] AndroidManifest.xml:49:17-79
138                android:resource="@xml/device_filter" />
138-->[:FtcRobotController] AndroidManifest.xml:50:17-54
139
140            <!-- org.firstinspires.main.entry indicates that this app is compatible with the Dragonboard Control Hub -->
141            <meta-data
141-->[:FtcRobotController] AndroidManifest.xml:53:13-55:40
142                android:name="org.firstinspires.main.entry"
142-->[:FtcRobotController] AndroidManifest.xml:54:17-60
143                android:value="true" />
143-->[:FtcRobotController] AndroidManifest.xml:55:17-37
144        </activity> <!-- The robot controller service in which most of the robot functionality is managed -->
145        <service
145-->[:FtcRobotController] AndroidManifest.xml:59:9-61:38
146            android:name="com.qualcomm.ftccommon.FtcRobotControllerService"
146-->[:FtcRobotController] AndroidManifest.xml:60:13-76
147            android:enabled="true" /> <!-- Assistant that autostarts the robot controller on android boot (if it's supposed to) -->
147-->[:FtcRobotController] AndroidManifest.xml:61:13-35
148        <receiver
148-->[:FtcRobotController] AndroidManifest.xml:64:9-75:20
149            android:name="org.firstinspires.ftc.ftccommon.internal.RunOnBoot"
149-->[:FtcRobotController] AndroidManifest.xml:65:13-78
150            android:enabled="true"
150-->[:FtcRobotController] AndroidManifest.xml:66:13-35
151            android:exported="true"
151-->[:FtcRobotController] AndroidManifest.xml:67:13-36
152            android:permission="android.permission.RECEIVE_BOOT_COMPLETED" >
152-->[:FtcRobotController] AndroidManifest.xml:68:13-75
153            <intent-filter>
153-->[:FtcRobotController] AndroidManifest.xml:69:13-74:29
154                <category android:name="android.intent.category.DEFAULT" />
154-->[:FtcRobotController] AndroidManifest.xml:70:17-76
154-->[:FtcRobotController] AndroidManifest.xml:70:27-73
155
156                <action android:name="android.intent.action.BOOT_COMPLETED" />
156-->[:FtcRobotController] AndroidManifest.xml:72:17-79
156-->[:FtcRobotController] AndroidManifest.xml:72:25-76
157                <action android:name="android.intent.action.QUICKBOOT_POWERON" />
157-->[:FtcRobotController] AndroidManifest.xml:73:17-82
157-->[:FtcRobotController] AndroidManifest.xml:73:25-79
158            </intent-filter>
159        </receiver>
160
161        <activity
161-->[org.firstinspires.ftc:Blocks:11.0.0] AndroidManifest.xml:17:9-21:20
162            android:name="org.firstinspires.ftc.ftccommon.internal.ProgramAndManageActivity"
162-->[org.firstinspires.ftc:Blocks:11.0.0] AndroidManifest.xml:18:13-93
163            android:configChanges="orientation|screenSize"
163-->[org.firstinspires.ftc:Blocks:11.0.0] AndroidManifest.xml:19:13-59
164            android:label="@string/program_and_manage_activity" >
164-->[org.firstinspires.ftc:Blocks:11.0.0] AndroidManifest.xml:20:13-64
165        </activity>
166        <activity
166-->[org.firstinspires.ftc:FtcCommon:11.0.0] AndroidManifest.xml:24:9-28:47
167            android:name="com.qualcomm.ftccommon.StackTraceActivity"
167-->[org.firstinspires.ftc:FtcCommon:11.0.0] AndroidManifest.xml:25:13-69
168            android:configChanges="orientation|screenSize"
168-->[org.firstinspires.ftc:FtcCommon:11.0.0] AndroidManifest.xml:26:13-59
169            android:exported="true"
169-->[org.firstinspires.ftc:FtcCommon:11.0.0] AndroidManifest.xml:27:13-36
170            android:launchMode="singleTask" />
170-->[org.firstinspires.ftc:FtcCommon:11.0.0] AndroidManifest.xml:28:13-44
171        <activity
171-->[org.firstinspires.ftc:FtcCommon:11.0.0] AndroidManifest.xml:29:9-33:20
172            android:name="com.qualcomm.ftccommon.FtcRobotControllerSettingsActivity"
172-->[org.firstinspires.ftc:FtcCommon:11.0.0] AndroidManifest.xml:30:13-85
173            android:exported="true"
173-->[org.firstinspires.ftc:FtcCommon:11.0.0] AndroidManifest.xml:31:13-36
174            android:label="@string/settings_activity" >
174-->[org.firstinspires.ftc:FtcCommon:11.0.0] AndroidManifest.xml:32:13-54
175        </activity>
176        <activity
176-->[org.firstinspires.ftc:FtcCommon:11.0.0] AndroidManifest.xml:34:9-39:20
177            android:name="com.qualcomm.ftccommon.configuration.FtcLoadFileActivity"
177-->[org.firstinspires.ftc:FtcCommon:11.0.0] AndroidManifest.xml:35:13-84
178            android:configChanges="orientation|screenSize"
178-->[org.firstinspires.ftc:FtcCommon:11.0.0] AndroidManifest.xml:36:13-59
179            android:exported="true"
179-->[org.firstinspires.ftc:FtcCommon:11.0.0] AndroidManifest.xml:37:13-36
180            android:label="@string/configure_activity" >
180-->[org.firstinspires.ftc:FtcCommon:11.0.0] AndroidManifest.xml:38:13-55
181        </activity>
182        <activity
182-->[org.firstinspires.ftc:FtcCommon:11.0.0] AndroidManifest.xml:40:9-45:20
183            android:name="com.qualcomm.ftccommon.configuration.ConfigureFromTemplateActivity"
183-->[org.firstinspires.ftc:FtcCommon:11.0.0] AndroidManifest.xml:41:13-94
184            android:configChanges="orientation|screenSize"
184-->[org.firstinspires.ftc:FtcCommon:11.0.0] AndroidManifest.xml:42:13-59
185            android:exported="true"
185-->[org.firstinspires.ftc:FtcCommon:11.0.0] AndroidManifest.xml:43:13-36
186            android:label="@string/title_activity_configfromtemplate" >
186-->[org.firstinspires.ftc:FtcCommon:11.0.0] AndroidManifest.xml:44:13-70
187        </activity>
188        <activity
188-->[org.firstinspires.ftc:FtcCommon:11.0.0] AndroidManifest.xml:46:9-51:20
189            android:name="com.qualcomm.ftccommon.ViewLogsActivity"
189-->[org.firstinspires.ftc:FtcCommon:11.0.0] AndroidManifest.xml:47:13-67
190            android:configChanges="orientation|screenSize"
190-->[org.firstinspires.ftc:FtcCommon:11.0.0] AndroidManifest.xml:48:13-59
191            android:exported="true"
191-->[org.firstinspires.ftc:FtcCommon:11.0.0] AndroidManifest.xml:49:13-36
192            android:label="@string/view_logs_activity" >
192-->[org.firstinspires.ftc:FtcCommon:11.0.0] AndroidManifest.xml:50:13-55
193        </activity>
194        <activity
194-->[org.firstinspires.ftc:FtcCommon:11.0.0] AndroidManifest.xml:52:9-56:20
195            android:name="com.qualcomm.ftccommon.configuration.FtcConfigurationActivity"
195-->[org.firstinspires.ftc:FtcCommon:11.0.0] AndroidManifest.xml:53:13-89
196            android:configChanges="orientation|screenSize"
196-->[org.firstinspires.ftc:FtcCommon:11.0.0] AndroidManifest.xml:54:13-59
197            android:label="@string/app_name" >
197-->[org.firstinspires.ftc:FtcCommon:11.0.0] AndroidManifest.xml:55:13-45
198        </activity>
199        <activity
199-->[org.firstinspires.ftc:FtcCommon:11.0.0] AndroidManifest.xml:57:9-61:20
200            android:name="com.qualcomm.ftccommon.configuration.FtcNewFileActivity"
200-->[org.firstinspires.ftc:FtcCommon:11.0.0] AndroidManifest.xml:58:13-83
201            android:configChanges="orientation|screenSize"
201-->[org.firstinspires.ftc:FtcCommon:11.0.0] AndroidManifest.xml:59:13-59
202            android:label="@string/app_name" >
202-->[org.firstinspires.ftc:FtcCommon:11.0.0] AndroidManifest.xml:60:13-45
203        </activity>
204        <activity
204-->[org.firstinspires.ftc:FtcCommon:11.0.0] AndroidManifest.xml:62:9-66:20
205            android:name="com.qualcomm.ftccommon.FtcAdvancedRCSettingsActivity"
205-->[org.firstinspires.ftc:FtcCommon:11.0.0] AndroidManifest.xml:63:13-80
206            android:exported="true"
206-->[org.firstinspires.ftc:FtcCommon:11.0.0] AndroidManifest.xml:64:13-36
207            android:label="@string/titleAdvancedRCSettings" >
207-->[org.firstinspires.ftc:FtcCommon:11.0.0] AndroidManifest.xml:65:13-60
208        </activity>
209        <activity
209-->[org.firstinspires.ftc:FtcCommon:11.0.0] AndroidManifest.xml:67:9-70:20
210            android:name="com.qualcomm.ftccommon.FtcLynxFirmwareUpdateActivity"
210-->[org.firstinspires.ftc:FtcCommon:11.0.0] AndroidManifest.xml:68:13-80
211            android:exported="true" >
211-->[org.firstinspires.ftc:FtcCommon:11.0.0] AndroidManifest.xml:69:13-36
212        </activity>
213        <activity
213-->[org.firstinspires.ftc:FtcCommon:11.0.0] AndroidManifest.xml:71:9-74:20
214            android:name="com.qualcomm.ftccommon.FtcLynxModuleAddressUpdateActivity"
214-->[org.firstinspires.ftc:FtcCommon:11.0.0] AndroidManifest.xml:72:13-85
215            android:exported="true" >
215-->[org.firstinspires.ftc:FtcCommon:11.0.0] AndroidManifest.xml:73:13-36
216        </activity>
217        <activity
217-->[org.firstinspires.ftc:FtcCommon:11.0.0] AndroidManifest.xml:75:9-79:20
218            android:name="com.qualcomm.ftccommon.FtcWifiDirectChannelSelectorActivity"
218-->[org.firstinspires.ftc:FtcCommon:11.0.0] AndroidManifest.xml:76:13-87
219            android:exported="true"
219-->[org.firstinspires.ftc:FtcCommon:11.0.0] AndroidManifest.xml:77:13-36
220            android:label="@string/title_activity_wifi_channel_selector" >
220-->[org.firstinspires.ftc:FtcCommon:11.0.0] AndroidManifest.xml:78:13-73
221        </activity>
222        <activity
222-->[org.firstinspires.ftc:FtcCommon:11.0.0] AndroidManifest.xml:80:9-84:20
223            android:name="com.qualcomm.ftccommon.FtcWifiDirectRememberedGroupsActivity"
223-->[org.firstinspires.ftc:FtcCommon:11.0.0] AndroidManifest.xml:81:13-88
224            android:exported="true"
224-->[org.firstinspires.ftc:FtcCommon:11.0.0] AndroidManifest.xml:82:13-36
225            android:label="@string/title_activity_wifi_remembered_groups_editor" >
225-->[org.firstinspires.ftc:FtcCommon:11.0.0] AndroidManifest.xml:83:13-81
226        </activity>
227        <activity
227-->[org.firstinspires.ftc:FtcCommon:11.0.0] AndroidManifest.xml:85:9-88:20
228            android:name="com.qualcomm.ftccommon.AboutActivity"
228-->[org.firstinspires.ftc:FtcCommon:11.0.0] AndroidManifest.xml:86:13-64
229            android:label="@string/about_activity" >
229-->[org.firstinspires.ftc:FtcCommon:11.0.0] AndroidManifest.xml:87:13-51
230        </activity>
231        <activity
231-->[org.firstinspires.ftc:FtcCommon:11.0.0] AndroidManifest.xml:89:9-92:20
232            android:name="com.qualcomm.ftccommon.FtcAboutActivity"
232-->[org.firstinspires.ftc:FtcCommon:11.0.0] AndroidManifest.xml:90:13-67
233            android:label="@string/ftc_about_activity" >
233-->[org.firstinspires.ftc:FtcCommon:11.0.0] AndroidManifest.xml:91:13-55
234        </activity>
235        <activity
235-->[org.firstinspires.ftc:FtcCommon:11.0.0] AndroidManifest.xml:93:9-98:20
236            android:name="com.qualcomm.ftccommon.configuration.EditSwapUsbDevices"
236-->[org.firstinspires.ftc:FtcCommon:11.0.0] AndroidManifest.xml:94:13-83
237            android:configChanges="orientation|screenSize"
237-->[org.firstinspires.ftc:FtcCommon:11.0.0] AndroidManifest.xml:95:13-59
238            android:label="@string/edit_swap_devices_activity"
238-->[org.firstinspires.ftc:FtcCommon:11.0.0] AndroidManifest.xml:96:13-63
239            android:windowSoftInputMode="stateHidden" >
239-->[org.firstinspires.ftc:FtcCommon:11.0.0] AndroidManifest.xml:97:13-54
240        </activity>
241        <activity
241-->[org.firstinspires.ftc:FtcCommon:11.0.0] AndroidManifest.xml:99:9-104:20
242            android:name="com.qualcomm.ftccommon.configuration.EditMotorListActivity"
242-->[org.firstinspires.ftc:FtcCommon:11.0.0] AndroidManifest.xml:100:13-86
243            android:configChanges="orientation|screenSize"
243-->[org.firstinspires.ftc:FtcCommon:11.0.0] AndroidManifest.xml:101:13-59
244            android:label="@string/edit_motor_controller_activity"
244-->[org.firstinspires.ftc:FtcCommon:11.0.0] AndroidManifest.xml:102:13-67
245            android:windowSoftInputMode="stateHidden" >
245-->[org.firstinspires.ftc:FtcCommon:11.0.0] AndroidManifest.xml:103:13-54
246        </activity>
247        <activity
247-->[org.firstinspires.ftc:FtcCommon:11.0.0] AndroidManifest.xml:105:9-110:20
248            android:name="com.qualcomm.ftccommon.configuration.EditServoListActivity"
248-->[org.firstinspires.ftc:FtcCommon:11.0.0] AndroidManifest.xml:106:13-86
249            android:configChanges="orientation|screenSize"
249-->[org.firstinspires.ftc:FtcCommon:11.0.0] AndroidManifest.xml:107:13-59
250            android:label="@string/edit_servo_controller_activity"
250-->[org.firstinspires.ftc:FtcCommon:11.0.0] AndroidManifest.xml:108:13-67
251            android:windowSoftInputMode="stateHidden|adjustResize" >
251-->[org.firstinspires.ftc:FtcCommon:11.0.0] AndroidManifest.xml:109:13-67
252        </activity>
253        <activity
253-->[org.firstinspires.ftc:FtcCommon:11.0.0] AndroidManifest.xml:111:9-116:20
254            android:name="com.qualcomm.ftccommon.configuration.EditLynxModuleActivity"
254-->[org.firstinspires.ftc:FtcCommon:11.0.0] AndroidManifest.xml:112:13-87
255            android:configChanges="orientation|screenSize"
255-->[org.firstinspires.ftc:FtcCommon:11.0.0] AndroidManifest.xml:113:13-59
256            android:label="@string/edit_lynx_module_controller_activity"
256-->[org.firstinspires.ftc:FtcCommon:11.0.0] AndroidManifest.xml:114:13-73
257            android:windowSoftInputMode="stateHidden|adjustResize" >
257-->[org.firstinspires.ftc:FtcCommon:11.0.0] AndroidManifest.xml:115:13-67
258        </activity>
259        <activity
259-->[org.firstinspires.ftc:FtcCommon:11.0.0] AndroidManifest.xml:117:9-122:20
260            android:name="com.qualcomm.ftccommon.configuration.EditLynxUsbDeviceActivity"
260-->[org.firstinspires.ftc:FtcCommon:11.0.0] AndroidManifest.xml:118:13-90
261            android:configChanges="orientation|screenSize"
261-->[org.firstinspires.ftc:FtcCommon:11.0.0] AndroidManifest.xml:119:13-59
262            android:label="@string/edit_lynx_usb_device_activity"
262-->[org.firstinspires.ftc:FtcCommon:11.0.0] AndroidManifest.xml:120:13-66
263            android:windowSoftInputMode="stateHidden|adjustResize" >
263-->[org.firstinspires.ftc:FtcCommon:11.0.0] AndroidManifest.xml:121:13-67
264        </activity>
265        <activity
265-->[org.firstinspires.ftc:FtcCommon:11.0.0] AndroidManifest.xml:123:9-128:20
266            android:name="com.qualcomm.ftccommon.configuration.EditWebcamActivity"
266-->[org.firstinspires.ftc:FtcCommon:11.0.0] AndroidManifest.xml:124:13-83
267            android:configChanges="orientation|screenSize"
267-->[org.firstinspires.ftc:FtcCommon:11.0.0] AndroidManifest.xml:125:13-59
268            android:label="@string/edit_webcam_activity"
268-->[org.firstinspires.ftc:FtcCommon:11.0.0] AndroidManifest.xml:126:13-57
269            android:windowSoftInputMode="stateHidden|adjustResize" >
269-->[org.firstinspires.ftc:FtcCommon:11.0.0] AndroidManifest.xml:127:13-67
270        </activity>
271        <activity
271-->[org.firstinspires.ftc:FtcCommon:11.0.0] AndroidManifest.xml:129:9-134:20
272            android:name="com.qualcomm.ftccommon.configuration.EditPWMDevicesActivity"
272-->[org.firstinspires.ftc:FtcCommon:11.0.0] AndroidManifest.xml:130:13-87
273            android:configChanges="orientation|screenSize"
273-->[org.firstinspires.ftc:FtcCommon:11.0.0] AndroidManifest.xml:131:13-59
274            android:label="@string/edit_pwm_devices_activity"
274-->[org.firstinspires.ftc:FtcCommon:11.0.0] AndroidManifest.xml:132:13-62
275            android:windowSoftInputMode="stateHidden|adjustResize" >
275-->[org.firstinspires.ftc:FtcCommon:11.0.0] AndroidManifest.xml:133:13-67
276        </activity>
277        <activity
277-->[org.firstinspires.ftc:FtcCommon:11.0.0] AndroidManifest.xml:135:9-140:20
278            android:name="com.qualcomm.ftccommon.configuration.EditAnalogInputDevicesActivity"
278-->[org.firstinspires.ftc:FtcCommon:11.0.0] AndroidManifest.xml:136:13-95
279            android:configChanges="orientation|screenSize"
279-->[org.firstinspires.ftc:FtcCommon:11.0.0] AndroidManifest.xml:137:13-59
280            android:label="@string/edit_analog_input_devices_activity"
280-->[org.firstinspires.ftc:FtcCommon:11.0.0] AndroidManifest.xml:138:13-71
281            android:windowSoftInputMode="stateHidden|adjustResize" >